<?xml version="1.0" encoding="UTF-8" ?>
<testsuites errors="0"
            failures="1"
            tests="1">

  <testsuite name="test"
    errors="0" failures="1" hostname="" id="" package="test" skipped="0"
    tests="1" time="12.90" timestamp="Thu, 22 Mar 2018 23:30:33 GMT">
  
    <testcase name="Initial Load (DEM-31)" classname="test" time="12.90" assertions="7">

    

    

      <failure message="Testing if element &lt;input[type=&#34;email&#34;]&gt; contains text: &#34;Email&#34;.">    at Object.Initial Load (DEM-31) (C:\Users\brohrbacher\Desktop\Your Documents\DevMountain Class\Class\Projects\Deck\tests\test.js:19:21)
    at _combinedTickCallback (internal/process/next_tick.js:131:7)</failure>

      <failure message="Testing if element &lt;input[type=&#34;password&#34;]&gt; contains text: &#34;Password&#34;.">    at Object.Initial Load (DEM-31) (C:\Users\brohrbacher\Desktop\Your Documents\DevMountain Class\Class\Projects\Deck\tests\test.js:22:21)
    at _combinedTickCallback (internal/process/next_tick.js:131:7)</failure>

    

    

    
    </testcase>
  

  

  
  </testsuite>
</testsuites>
